<?xml version="1.0" encoding="UTF-8"?>
<!-- Generated by org.testng.reporters.JUnitReportReporter -->
<testsuite skipped="0" hostname="DESKTOP-U97TI4R" name="runner.TestNGCucumberRunner" tests="3" failures="0" timestamp="02 Mar 2018 07:26:53 GMT" time="0.177" errors="2">
  <testcase name="testRun" time="0.001" classname="runner.TestNGCucumberRunner"/>
  <testcase name="runScenario" time="0.006" classname="runner.TestNGCucumberRunner">
    <error type="java.lang.NullPointerException">
      <![CDATA[java.lang.NullPointerException
	at org.openqa.selenium.support.pagefactory.DefaultElementLocator.findElement(DefaultElementLocator.java:69)
	at org.openqa.selenium.support.pagefactory.internal.LocatingElementHandler.invoke(LocatingElementHandler.java:38)
	at com.sun.proxy.$Proxy22.clear(Unknown Source)
	at wdMethods.SeMethods.type(SeMethods.java:118)
	at pages.LoginPage.enterUserName(LoginPage.java:26)
	at ✽.Enter userName Democsr(D:/workspace/SelCucumber/src/test/java/features/CreateLead.feature:7)
]]>
    </error>
  </testcase> <!-- runScenario -->
  <testcase name="runScenario" time="0.170" classname="runner.TestNGCucumberRunner">
    <error type="java.lang.NullPointerException">
      <![CDATA[java.lang.NullPointerException
	at org.openqa.selenium.support.pagefactory.DefaultElementLocator.findElement(DefaultElementLocator.java:69)
	at org.openqa.selenium.support.pagefactory.internal.LocatingElementHandler.invoke(LocatingElementHandler.java:38)
	at com.sun.proxy.$Proxy22.clear(Unknown Source)
	at wdMethods.SeMethods.type(SeMethods.java:118)
	at pages.LoginPage.enterUserName(LoginPage.java:26)
	at ✽.Enter userName DemoSalesManager(D:/workspace/SelCucumber/src/test/java/features/CreateLead.feature:7)
]]>
    </error>
  </testcase> <!-- runScenario -->
</testsuite> <!-- runner.TestNGCucumberRunner -->
