<?xml version="1.0" encoding="UTF-8"?>
<!-- Generated by org.testng.reporters.JUnitReportReporter -->
<testsuite skipped="0" hostname="DESKTOP-3H06R2P" name="coding2.FibonacciSeries" tests="2" failures="0" timestamp="14 Aug 2018 09:22:51 GMT" time="0.016" errors="0">
  <testcase name="findingFibonacciSeriess" time="0.016" classname="coding2.FibonacciSeries"/>
  <testcase name="findingSerice" time="0.000" classname="coding2.FibonacciSeries"/>
</testsuite> <!-- coding2.FibonacciSeries -->
