<?xml version="1.0" encoding="UTF-8"?>
<!-- Generated by org.testng.reporters.JUnitReportReporter -->
<testsuite skipped="0" hostname="DESKTOP-3H06R2P" name="coding.FindingAll" tests="3" failures="0" timestamp="14 Aug 2018 13:31:52 GMT" time="0.017" errors="0">
  <testcase name="usingRegx" time="0.008" classname="coding.FindingAll"/>
  <testcase name="findingAll" time="0.003" classname="coding.FindingAll"/>
  <testcase name="findAllCharactesInString" time="0.006" classname="coding.FindingAll"/>
</testsuite> <!-- coding.FindingAll -->
