<?xml version="1.0" encoding="UTF-8"?>
<!-- Generated by org.testng.reporters.JUnitReportReporter -->
<testsuite skipped="0" hostname="DESKTOP-3H06R2P" name="coding2.PrintingTriangle" tests="2" failures="0" timestamp="14 Aug 2018 11:37:40 GMT" time="0.031" errors="0">
  <testcase name="main" time="0.000" classname="coding2.PrintingTriangle"/>
  <testcase name="printStar" time="0.031" classname="coding2.PrintingTriangle"/>
</testsuite> <!-- coding2.PrintingTriangle -->
