<?xml version="1.0" encoding="UTF-8"?>
<!-- Generated by org.testng.reporters.JUnitReportReporter -->
<testsuite skipped="0" hostname="DESKTOP-3H06R2P" name="coding2.FindingDuplicateElements" tests="3" failures="0" timestamp="14 Aug 2018 09:59:46 GMT" time="0.017" errors="0">
  <testcase name="usingSet" time="0.004" classname="coding2.FindingDuplicateElements"/>
  <testcase name="usingArraysSort" time="0.003" classname="coding2.FindingDuplicateElements"/>
  <testcase name="findDupicateInArray" time="0.010" classname="coding2.FindingDuplicateElements"/>
</testsuite> <!-- coding2.FindingDuplicateElements -->
