<?xml version="1.0" encoding="UTF-8"?>
<!-- Generated by org.testng.reporters.JUnitReportReporter -->
<testsuite skipped="0" hostname="DESKTOP-3H06R2P" name="coding2.FindingOccurance" tests="3" failures="0" timestamp="14 Aug 2018 10:58:04 GMT" time="0.018" errors="0">
  <testcase name="main" time="0.000" classname="coding2.FindingOccurance"/>
  <testcase name="occuranceOfString" time="0.017" classname="coding2.FindingOccurance"/>
  <testcase name="occurance" time="0.001" classname="coding2.FindingOccurance"/>
</testsuite> <!-- coding2.FindingOccurance -->
