<?xml version="1.0" encoding="UTF-8"?>
<!-- Generated by org.testng.reporters.JUnitReportReporter -->
<testsuite skipped="0" hostname="DESKTOP-U97TI4R" name="runner.TestNGRunner" tests="2" failures="0" timestamp="02 Mar 2018 09:11:07 GMT" time="38.352" errors="0">
  <testcase name="runScenario" time="19.789" classname="runner.TestNGRunner"/>
  <testcase name="runScenario" time="18.563" classname="runner.TestNGRunner"/>
</testsuite> <!-- runner.TestNGRunner -->
