<?xml version="1.0" encoding="UTF-8"?>
<!-- Generated by org.testng.reporters.JUnitReportReporter -->
<testsuite skipped="0" hostname="DESKTOP-3H06R2P" name="runner.TestNGRunLogin" tests="1" failures="0" timestamp="10 Jul 2018 10:54:24 GMT" time="5.897" errors="0">
  <testcase name="runScenario" time="5.897" classname="runner.TestNGRunLogin"/>
</testsuite> <!-- runner.TestNGRunLogin -->
