<?xml version="1.0" encoding="UTF-8"?>
<!-- Generated by org.testng.reporters.JUnitReportReporter -->
<testsuite skipped="0" hostname="DESKTOP-3H06R2P" name="coding2.FileWrite" tests="2" failures="0" timestamp="14 Aug 2018 09:24:14 GMT" time="0.016" errors="0">
  <testcase name="usingFileWriter" time="0.016" classname="coding2.FileWrite"/>
  <testcase name="usingBufferWriter" time="0.000" classname="coding2.FileWrite"/>
</testsuite> <!-- coding2.FileWrite -->
