<?xml version="1.0" encoding="UTF-8"?>
<!-- Generated by org.testng.reporters.JUnitReportReporter -->
<testsuite skipped="0" hostname="DESKTOP-3H06R2P" name="coding2.FindingMaxMin" tests="3" failures="0" timestamp="14 Aug 2018 09:27:13 GMT" time="0.022" errors="0">
  <testcase name="usingCollection" time="0.001" classname="coding2.FindingMaxMin"/>
  <testcase name="usingArray" time="0.021" classname="coding2.FindingMaxMin"/>
  <testcase name="usingForLoop" time="0.000" classname="coding2.FindingMaxMin"/>
</testsuite> <!-- coding2.FindingMaxMin -->
