<?xml version="1.0" encoding="UTF-8"?>
<!-- Generated by org.testng.reporters.JUnitReportReporter -->
<testsuite skipped="0" hostname="DESKTOP-3H06R2P" name="coding2.FileReading" tests="2" failures="0" timestamp="14 Aug 2018 09:24:00 GMT" time="0.015" errors="0">
  <testcase name="fileRead" time="0.000" classname="coding2.FileReading"/>
  <testcase name="read" time="0.015" classname="coding2.FileReading"/>
</testsuite> <!-- coding2.FileReading -->
