<?xml version="1.0" encoding="UTF-8"?>
<!-- Generated by org.testng.reporters.JUnitReportReporter -->
<testsuite skipped="1" hostname="DESKTOP-U97TI4R" name="runner.TestRun" tests="1" failures="0" timestamp="02 Mar 2018 06:42:04 GMT" time="0.000" errors="0">
  <testcase name="runScenario" time="0.000" classname="runner.TestRun">
    <skipped/>
  </testcase> <!-- runScenario -->
</testsuite> <!-- runner.TestRun -->
