<?xml version="1.0" encoding="UTF-8"?>
<!-- Generated by org.testng.reporters.JUnitReportReporter -->
<testsuite skipped="0" hostname="DESKTOP-U97TI4R" name="runner.TestNGRunCL" tests="1" failures="0" timestamp="18 Jun 2018 09:52:09 GMT" time="16.679" errors="0">
  <testcase name="runScenario" time="16.679" classname="runner.TestNGRunCL"/>
</testsuite> <!-- runner.TestNGRunCL -->
