<?xml version="1.0" encoding="UTF-8"?>
<!-- Generated by org.testng.reporters.JUnitReportReporter -->
<testsuite skipped="0" hostname="DESKTOP-3H06R2P" name="coding2.SwapingWithoutVarible" tests="3" failures="0" timestamp="14 Aug 2018 11:17:51 GMT" time="0.019" errors="0">
  <testcase name="swapingWithout3rdVarible" time="0.001" classname="coding2.SwapingWithoutVarible"/>
  <testcase name="swapingWithoutTempVarible" time="0.003" classname="coding2.SwapingWithoutVarible"/>
  <testcase name="swapingWithout3Varible" time="0.015" classname="coding2.SwapingWithoutVarible"/>
</testsuite> <!-- coding2.SwapingWithoutVarible -->
