<?xml version="1.0" encoding="UTF-8"?>
<!-- Generated by org.testng.reporters.JUnitReportReporter -->
<testsuite skipped="0" hostname="DESKTOP-3H06R2P" name="coding2.ReverseString" tests="3" failures="0" timestamp="13 Aug 2018 11:11:23 GMT" time="0.000" errors="0">
  <testcase name="reverseUsingStringBuilder" time="0.000" classname="coding2.ReverseString"/>
  <testcase name="reverseUsingCharacter" time="0.000" classname="coding2.ReverseString"/>
  <testcase name="reverseUsingCharAt" time="0.000" classname="coding2.ReverseString"/>
</testsuite> <!-- coding2.ReverseString -->
