<?xml version="1.0" encoding="UTF-8"?>
<!-- Generated by org.testng.reporters.JUnitReportReporter -->
<testsuite skipped="0" hostname="DESKTOP-3H06R2P" name="coding2.FindingAll" tests="1" failures="0" timestamp="13 Aug 2018 12:36:59 GMT" time="0.030" errors="0">
  <testcase name="findingAll" time="0.030" classname="coding2.FindingAll"/>
</testsuite> <!-- coding2.FindingAll -->
