<?xml version="1.0" encoding="UTF-8"?>
<!-- Generated by org.testng.reporters.JUnitReportReporter -->
<testsuite skipped="0" hostname="DESKTOP-3H06R2P" name="coding2.FingingPrime" tests="1" failures="0" timestamp="14 Aug 2018 08:57:19 GMT" time="0.016" errors="0">
  <testcase name="findingPrime" time="0.016" classname="coding2.FingingPrime"/>
</testsuite> <!-- coding2.FingingPrime -->
