<?xml version="1.0" encoding="UTF-8"?>
<!-- Generated by org.testng.reporters.JUnitReportReporter -->
<testsuite skipped="0" hostname="DESKTOP-3H06R2P" name="runner.RunParallelClasses" tests="1" failures="0" timestamp="03 Aug 2018 07:29:38 GMT" time="25.823" errors="0">
  <testcase name="test" time="25.823" classname="runner.RunParallelClasses"/>
</testsuite> <!-- runner.RunParallelClasses -->
